<?xml version="1.0" encoding="UTF-8"?>
<!-- Generated by org.testng.reporters.JUnitXMLReporter -->
<testsuite hostname="wv589" name="Login" tests="1" failures="1" timestamp="18 Sep 2017 09:37:04 GMT" time="20.548" errors="0">
  <testcase name="landingToMagazin" time="6.05" classname="org.moebelApp.com.MagazinLanding">
    <failure type="org.openqa.selenium.UnsupportedCommandException" message="The requested resource could not be found, or a request was received using an HTTP method that is not supported by the mapped resource. (WARNING: The server did not provide any stacktrace information)
Command duration or timeout: 34 milliseconds
Build info: version: &amp;apos;3.4.0&amp;apos;, revision: &amp;apos;unknown&amp;apos;, time: &amp;apos;unknown&amp;apos;
System info: host: &amp;apos;WV589&amp;apos;, ip: &amp;apos;192.168.91.2&amp;apos;, os.name: &amp;apos;Windows 10&amp;apos;, os.arch: &amp;apos;amd64&amp;apos;, os.version: &amp;apos;10.0&amp;apos;, java.version: &amp;apos;1.8.0_131&amp;apos;
Driver info: io.appium.java_client.android.AndroidDriver
Capabilities [{appPackage=moebel.de, deviceScreenSize=1440x2560, networkConnectionEnabled=true, warnings={}, databaseEnabled=false, deviceName=9885b53254514b534e, platform=LINUX, deviceUDID=9885b53254514b534e, appActivity=moebel.de.app.ui.activity.HomeActivity, desired={appActivity=moebel.de.app.ui.activity.HomeActivity, appPackage=moebel.de, platformName=Android, deviceName=9885b53254514b534e}, platformVersion=7.0, webStorageEnabled=false, locationContextEnabled=false, takesScreenshot=true, javascriptEnabled=true, deviceModel=SM-G930F, platformName=Android, deviceManufacturer=samsung}]
Session ID: 896c5d4b-dd3e-40a0-835a-4ae8aa7a3b4d
*** Element info: {Using=-android uiautomator, value=Uiselector().resourceId(&amp;quot;moebel.de:id/navigation_inspiration&amp;quot;)}">
      <![CDATA[org.openqa.selenium.UnsupportedCommandException: The requested resource could not be found, or a request was received using an HTTP method that is not supported by the mapped resource. (WARNING: The server did not provide any stacktrace information)
Command duration or timeout: 34 milliseconds
Build info: version: '3.4.0', revision: 'unknown', time: 'unknown'
System info: host: 'WV589', ip: '192.168.91.2', os.name: 'Windows 10', os.arch: 'amd64', os.version: '10.0', java.version: '1.8.0_131'
Driver info: io.appium.java_client.android.AndroidDriver
Capabilities [{appPackage=moebel.de, deviceScreenSize=1440x2560, networkConnectionEnabled=true, warnings={}, databaseEnabled=false, deviceName=9885b53254514b534e, platform=LINUX, deviceUDID=9885b53254514b534e, appActivity=moebel.de.app.ui.activity.HomeActivity, desired={appActivity=moebel.de.app.ui.activity.HomeActivity, appPackage=moebel.de, platformName=Android, deviceName=9885b53254514b534e}, platformVersion=7.0, webStorageEnabled=false, locationContextEnabled=false, takesScreenshot=true, javascriptEnabled=true, deviceModel=SM-G930F, platformName=Android, deviceManufacturer=samsung}]
Session ID: 896c5d4b-dd3e-40a0-835a-4ae8aa7a3b4d
*** Element info: {Using=-android uiautomator, value=Uiselector().resourceId("moebel.de:id/navigation_inspiration")}
	at org.openqa.selenium.remote.ErrorHandler.createThrowable(ErrorHandler.java:215)
	at org.openqa.selenium.remote.ErrorHandler.throwIfResponseFailed(ErrorHandler.java:167)
	at org.openqa.selenium.remote.RemoteWebDriver.execute(RemoteWebDriver.java:671)
	at io.appium.java_client.DefaultGenericMobileDriver.execute(DefaultGenericMobileDriver.java:40)
	at io.appium.java_client.AppiumDriver.execute(AppiumDriver.java:1)
	at io.appium.java_client.android.AndroidDriver.execute(AndroidDriver.java:1)
	at org.openqa.selenium.remote.RemoteWebDriver.findElement(RemoteWebDriver.java:410)
	at io.appium.java_client.DefaultGenericMobileDriver.findElement(DefaultGenericMobileDriver.java:56)
	at io.appium.java_client.AppiumDriver.findElement(AppiumDriver.java:1)
	at io.appium.java_client.android.AndroidDriver.findElement(AndroidDriver.java:1)
	at io.appium.java_client.android.AndroidDriver.findElementByAndroidUIAutomator(AndroidDriver.java:365)
	at org.moebelApp.com.Common.clickByID(Common.java:11)
	at org.moebelApp.com.InspirationLanding.landingtoInspiration(InspirationLanding.java:17)
	at org.moebelApp.com.MagazinLanding.landingToMagazin(MagazinLanding.java:15)
... Removed 28 stack frames]]>
    </failure>
  </testcase> <!-- landingToMagazin -->
</testsuite> <!-- Login -->
