<?xml version="1.0" encoding="UTF-8"?>
<testng-results skipped="0" failed="1" total="1" passed="0">
  <reporter-output>
  </reporter-output>
  <suite name="Default suite" duration-ms="39425" started-at="2017-09-21T06:33:04Z" finished-at="2017-09-21T06:33:43Z">
    <groups>
    </groups>
    <test name="Default test" duration-ms="39425" started-at="2017-09-21T06:33:04Z" finished-at="2017-09-21T06:33:43Z">
      <class name="org.moebelApp.com.HeaderTest">
        <test-method status="PASS" signature="AppLaunchMethod()[pri:0, instance:org.moebelApp.com.HeaderTest@7d9d1a19]" name="AppLaunchMethod" is-config="true" duration-ms="22654" started-at="2017-09-21T12:03:04Z" finished-at="2017-09-21T12:03:27Z">
          <reporter-output>
          </reporter-output>
        </test-method> <!-- AppLaunchMethod -->
        <test-method status="FAIL" signature="LoginVerifyTest()[pri:0, instance:org.moebelApp.com.HeaderTest@7d9d1a19]" name="LoginVerifyTest" duration-ms="16746" started-at="2017-09-21T12:03:27Z" finished-at="2017-09-21T12:03:43Z">
          <exception class="org.openqa.selenium.NoSuchElementException">
            <message>
              <![CDATA[An element could not be located on the page using the given search parameters. (WARNING: The server did not provide any stacktrace information)
Command duration or timeout: 10.09 seconds
For documentation on this error, please visit: http://seleniumhq.org/exceptions/no_such_element.html
Build info: version: '3.4.0', revision: 'unknown', time: 'unknown'
System info: host: 'WV589', ip: '192.168.91.2', os.name: 'Windows 10', os.arch: 'amd64', os.version: '10.0', java.version: '1.8.0_131'
Driver info: io.appium.java_client.android.AndroidDriver
Capabilities [{app=E:\Automationdata\Appinum Softwares\Appium_Files_Amit\ExtractedApks\moebel.apk, appPackage=moebel.de, deviceScreenSize=1440x2560, networkConnectionEnabled=true, warnings={}, appWaitPackage=moebel.de, appWaitActivity=moebel.de.app.ui.activity.SplashActivity, databaseEnabled=false, deviceName=9885b53254514b534e, platform=LINUX, deviceUDID=9885b53254514b534e, appActivity=moebel.de.app.ui.activity.SplashActivity, desired={app=E:\Automationdata\Appinum Softwares\Appium_Files_Amit\ExtractedApks\moebel.apk, platformName=Android, deviceName=9885b53254514b534e}, platformVersion=7.0, webStorageEnabled=false, locationContextEnabled=false, takesScreenshot=true, javascriptEnabled=true, deviceModel=SM-G930F, platformName=Android, deviceManufacturer=samsung}]
Session ID: 1c8d32fc-e7db-4190-9b5f-0b2273ee106f
*** Element info: {Using=-android uiautomator, value=UiSelector().resourceId("moebel.de:id/login_button")}]]>
            </message>
            <full-stacktrace>
              <![CDATA[org.openqa.selenium.NoSuchElementException: An element could not be located on the page using the given search parameters. (WARNING: The server did not provide any stacktrace information)
Command duration or timeout: 10.09 seconds
For documentation on this error, please visit: http://seleniumhq.org/exceptions/no_such_element.html
Build info: version: '3.4.0', revision: 'unknown', time: 'unknown'
System info: host: 'WV589', ip: '192.168.91.2', os.name: 'Windows 10', os.arch: 'amd64', os.version: '10.0', java.version: '1.8.0_131'
Driver info: io.appium.java_client.android.AndroidDriver
Capabilities [{app=E:\Automationdata\Appinum Softwares\Appium_Files_Amit\ExtractedApks\moebel.apk, appPackage=moebel.de, deviceScreenSize=1440x2560, networkConnectionEnabled=true, warnings={}, appWaitPackage=moebel.de, appWaitActivity=moebel.de.app.ui.activity.SplashActivity, databaseEnabled=false, deviceName=9885b53254514b534e, platform=LINUX, deviceUDID=9885b53254514b534e, appActivity=moebel.de.app.ui.activity.SplashActivity, desired={app=E:\Automationdata\Appinum Softwares\Appium_Files_Amit\ExtractedApks\moebel.apk, platformName=Android, deviceName=9885b53254514b534e}, platformVersion=7.0, webStorageEnabled=false, locationContextEnabled=false, takesScreenshot=true, javascriptEnabled=true, deviceModel=SM-G930F, platformName=Android, deviceManufacturer=samsung}]
Session ID: 1c8d32fc-e7db-4190-9b5f-0b2273ee106f
*** Element info: {Using=-android uiautomator, value=UiSelector().resourceId("moebel.de:id/login_button")}
	at sun.reflect.NativeConstructorAccessorImpl.newInstance0(Native Method)
	at sun.reflect.NativeConstructorAccessorImpl.newInstance(NativeConstructorAccessorImpl.java:62)
	at sun.reflect.DelegatingConstructorAccessorImpl.newInstance(DelegatingConstructorAccessorImpl.java:45)
	at java.lang.reflect.Constructor.newInstance(Constructor.java:423)
	at org.openqa.selenium.remote.ErrorHandler.createThrowable(ErrorHandler.java:215)
	at org.openqa.selenium.remote.ErrorHandler.throwIfResponseFailed(ErrorHandler.java:167)
	at org.openqa.selenium.remote.RemoteWebDriver.execute(RemoteWebDriver.java:671)
	at io.appium.java_client.DefaultGenericMobileDriver.execute(DefaultGenericMobileDriver.java:40)
	at io.appium.java_client.AppiumDriver.execute(AppiumDriver.java:1)
	at io.appium.java_client.android.AndroidDriver.execute(AndroidDriver.java:1)
	at org.openqa.selenium.remote.RemoteWebDriver.findElement(RemoteWebDriver.java:410)
	at io.appium.java_client.DefaultGenericMobileDriver.findElement(DefaultGenericMobileDriver.java:56)
	at io.appium.java_client.AppiumDriver.findElement(AppiumDriver.java:1)
	at io.appium.java_client.android.AndroidDriver.findElement(AndroidDriver.java:1)
	at io.appium.java_client.android.AndroidDriver.findElementByAndroidUIAutomator(AndroidDriver.java:365)
	at org.moebelApp.com.Common.clickByID(Common.java:15)
	at moebelApp.Header.LoginButtonclick(Header.java:51)
	at org.moebelApp.com.HeaderTest.LoginVerifyTest(HeaderTest.java:39)
	at sun.reflect.NativeMethodAccessorImpl.invoke0(Native Method)
	at sun.reflect.NativeMethodAccessorImpl.invoke(NativeMethodAccessorImpl.java:62)
	at sun.reflect.DelegatingMethodAccessorImpl.invoke(DelegatingMethodAccessorImpl.java:43)
	at java.lang.reflect.Method.invoke(Method.java:498)
	at org.testng.internal.MethodInvocationHelper.invokeMethod(MethodInvocationHelper.java:80)
	at org.testng.internal.Invoker.invokeMethod(Invoker.java:714)
	at org.testng.internal.Invoker.invokeTestMethod(Invoker.java:901)
	at org.testng.internal.Invoker.invokeTestMethods(Invoker.java:1231)
	at org.testng.internal.TestMethodWorker.invokeTestMethods(TestMethodWorker.java:127)
	at org.testng.internal.TestMethodWorker.run(TestMethodWorker.java:111)
	at org.testng.TestRunner.privateRun(TestRunner.java:767)
	at org.testng.TestRunner.run(TestRunner.java:617)
	at org.testng.SuiteRunner.runTest(SuiteRunner.java:334)
	at org.testng.SuiteRunner.runSequentially(SuiteRunner.java:329)
	at org.testng.SuiteRunner.privateRun(SuiteRunner.java:291)
	at org.testng.SuiteRunner.run(SuiteRunner.java:240)
	at org.testng.SuiteRunnerWorker.runSuite(SuiteRunnerWorker.java:52)
	at org.testng.SuiteRunnerWorker.run(SuiteRunnerWorker.java:86)
	at org.testng.TestNG.runSuitesSequentially(TestNG.java:1198)
	at org.testng.TestNG.runSuitesLocally(TestNG.java:1123)
	at org.testng.TestNG.run(TestNG.java:1031)
	at org.testng.remote.AbstractRemoteTestNG.run(AbstractRemoteTestNG.java:132)
	at org.testng.remote.RemoteTestNG.initAndRun(RemoteTestNG.java:230)
	at org.testng.remote.RemoteTestNG.main(RemoteTestNG.java:76)
]]>
            </full-stacktrace>
          </exception> <!-- org.openqa.selenium.NoSuchElementException -->
          <reporter-output>
          </reporter-output>
        </test-method> <!-- LoginVerifyTest -->
        <test-method status="PASS" signature="closeApp()[pri:0, instance:org.moebelApp.com.HeaderTest@7d9d1a19]" name="closeApp" is-config="true" duration-ms="0" started-at="2017-09-21T12:03:43Z" finished-at="2017-09-21T12:03:43Z">
          <reporter-output>
          </reporter-output>
        </test-method> <!-- closeApp -->
      </class> <!-- org.moebelApp.com.HeaderTest -->
    </test> <!-- Default test -->
  </suite> <!-- Default suite -->
</testng-results>
