<?xml version="1.0" encoding="UTF-8"?>
<testng-results skipped="0" failed="0" total="1" passed="1">
  <reporter-output>
  </reporter-output>
  <suite name="Default suite" duration-ms="44542" started-at="2017-09-20T14:31:18Z" finished-at="2017-09-20T14:32:03Z">
    <groups>
    </groups>
    <test name="Default test" duration-ms="44542" started-at="2017-09-20T14:31:18Z" finished-at="2017-09-20T14:32:03Z">
      <class name="org.moebelApp.com.HeaderTest">
        <test-method status="PASS" signature="AppLaunchMethod()[pri:0, instance:org.moebelApp.com.HeaderTest@7d9d1a19]" name="AppLaunchMethod" is-config="true" duration-ms="20760" started-at="2017-09-20T20:01:18Z" finished-at="2017-09-20T20:01:39Z">
          <reporter-output>
          </reporter-output>
        </test-method> <!-- AppLaunchMethod -->
        <test-method status="PASS" signature="loginVerifyTest()[pri:0, instance:org.moebelApp.com.HeaderTest@7d9d1a19]" name="loginVerifyTest" duration-ms="23759" started-at="2017-09-20T20:01:39Z" finished-at="2017-09-20T20:02:03Z">
          <reporter-output>
          </reporter-output>
        </test-method> <!-- loginVerifyTest -->
        <test-method status="PASS" signature="closeApp()[pri:0, instance:org.moebelApp.com.HeaderTest@7d9d1a19]" name="closeApp" is-config="true" duration-ms="0" started-at="2017-09-20T20:02:03Z" finished-at="2017-09-20T20:02:03Z">
          <reporter-output>
          </reporter-output>
        </test-method> <!-- closeApp -->
      </class> <!-- org.moebelApp.com.HeaderTest -->
    </test> <!-- Default test -->
  </suite> <!-- Default suite -->
</testng-results>
